<?xml version="1.0" encoding="UTF-8"?>
<robot generator="Robot 7.1.1 (Python 3.9.0 on win32)" generated="2025-01-31T09:51:39.956935" rpa="false" schemaversion="5">
<suite id="s1" name="E2E" source="C:\Users\user\Documents\Automation\automation-exercise\robotframework\robotframework-swaglab\TestSuite\e2e.robot">
<test id="s1-t1" name="[Test Setup]" line="15">
<kw name="Test Setup" owner="common">
<kw name="Open Browser" owner="SeleniumLibrary">
<msg time="2025-01-31T09:51:40.177221" level="INFO">Opening browser 'chrome' to base url 'https://www.saucedemo.com'.</msg>
<arg>${BASE_URL}</arg>
<arg>${BROWSER}</arg>
<arg>headless=${HEADLESS}</arg>
<doc>Opens a new browser instance to the optional ``url``.</doc>
<status status="PASS" start="2025-01-31T09:51:40.177221" elapsed="5.567228"/>
</kw>
<kw name="Maximize Browser Window" owner="SeleniumLibrary">
<doc>Maximizes current browser window.</doc>
<status status="PASS" start="2025-01-31T09:51:45.744449" elapsed="0.037958"/>
</kw>
<kw name="Set Selenium Speed" owner="SeleniumLibrary">
<arg>0.5s</arg>
<doc>Sets the delay that is waited after each Selenium command.</doc>
<status status="PASS" start="2025-01-31T09:51:45.782407" elapsed="0.001013"/>
</kw>
<kw name="Set Selenium Implicit Wait" owner="SeleniumLibrary">
<arg>10s</arg>
<doc>Sets the implicit wait value used by Selenium.</doc>
<status status="PASS" start="2025-01-31T09:51:45.784409" elapsed="0.507427"/>
</kw>
<doc>Open browser, log in, and navigate to the home page</doc>
<status status="PASS" start="2025-01-31T09:51:40.177221" elapsed="6.114615"/>
</kw>
<status status="PASS" start="2025-01-31T09:51:40.177221" elapsed="6.115560"/>
</test>
<test id="s1-t2" name="E2E Test Case" line="16">
<kw name="Load Test Data">
<kw name="Load Json From File" owner="JSONLibrary">
<msg time="2025-01-31T09:51:46.294853" level="INFO">${data} = {'page': {'inventory': '/inventory.html', 'cart': '/cart.html'}, 'loginData': {'username': 'standard_user', 'password': 'secret_sauce'}, 'sortByPrice': 'lohi', 'checkout': {'yourInformation': {'firstN...</msg>
<var>${data}</var>
<arg>${TESTDATA}</arg>
<doc>Load JSON from file.</doc>
<status status="PASS" start="2025-01-31T09:51:46.294853" elapsed="0.000000"/>
</kw>
<kw name="Set Suite Variable" owner="BuiltIn">
<msg time="2025-01-31T09:51:46.294853" level="INFO">${data} = {'page': {'inventory': '/inventory.html', 'cart': '/cart.html'}, 'loginData': {'username': 'standard_user', 'password': 'secret_sauce'}, 'sortByPrice': 'lohi', 'checkout': {'yourInformation': {'firstN...</msg>
<arg>${data}</arg>
<doc>Makes a variable available everywhere within the scope of the current suite.</doc>
<status status="PASS" start="2025-01-31T09:51:46.294853" elapsed="0.000000"/>
</kw>
<status status="PASS" start="2025-01-31T09:51:46.294853" elapsed="0.000000"/>
</kw>
<kw name="Login With Valid Credentials">
<kw name="Get From Dictionary" owner="Collections">
<msg time="2025-01-31T09:51:46.294853" level="INFO">${login_data} = {'username': 'standard_user', 'password': 'secret_sauce'}</msg>
<var>${login_data}</var>
<arg>${data}</arg>
<arg>loginData</arg>
<doc>Returns a value from the given ``dictionary`` based on the given ``key``.</doc>
<status status="PASS" start="2025-01-31T09:51:46.294853" elapsed="0.000000"/>
</kw>
<kw name="Login" owner="loginPage">
<kw name="Set Element" owner="BasePage">
<kw name="Input Text" owner="SeleniumLibrary">
<msg time="2025-01-31T09:51:46.294853" level="INFO">Typing text 'standard_user' into text field 'id:user-name'.</msg>
<arg>${locator}</arg>
<arg>${text}</arg>
<doc>Types the given ``text`` into the text field identified by ``locator``.</doc>
<status status="PASS" start="2025-01-31T09:51:46.294853" elapsed="1.665935"/>
</kw>
<arg>${USERNAME_INPUT}</arg>
<arg>${username}</arg>
<status status="PASS" start="2025-01-31T09:51:46.294853" elapsed="1.665935"/>
</kw>
<kw name="Set Element" owner="BasePage">
<kw name="Input Text" owner="SeleniumLibrary">
<msg time="2025-01-31T09:51:47.960788" level="INFO">Typing text 'secret_sauce' into text field 'name:password'.</msg>
<arg>${locator}</arg>
<arg>${text}</arg>
<doc>Types the given ``text`` into the text field identified by ``locator``.</doc>
<status status="PASS" start="2025-01-31T09:51:47.960788" elapsed="1.636229"/>
</kw>
<arg>${PASSWORD_INPUT}</arg>
<arg>${password}</arg>
<status status="PASS" start="2025-01-31T09:51:47.960788" elapsed="1.636461"/>
</kw>
<kw name="Wait Until Element Is Visible" owner="SeleniumLibrary">
<arg>${LOGIN_BUTTON}</arg>
<arg>timeout=5s</arg>
<doc>Waits until the element ``locator`` is visible.</doc>
<status status="PASS" start="2025-01-31T09:51:49.597249" elapsed="1.037720"/>
</kw>
<kw name="Click Element" owner="SeleniumLibrary">
<msg time="2025-01-31T09:51:50.634969" level="INFO">Clicking element 'id:login-button'.</msg>
<arg>${LOGIN_BUTTON}</arg>
<doc>Click the element identified by ``locator``.</doc>
<status status="PASS" start="2025-01-31T09:51:50.634969" elapsed="1.095326"/>
</kw>
<arg>${login_data["username"]}</arg>
<arg>${login_data["password"]}</arg>
<status status="PASS" start="2025-01-31T09:51:46.294853" elapsed="5.435442"/>
</kw>
<status status="PASS" start="2025-01-31T09:51:46.294853" elapsed="5.435442"/>
</kw>
<kw name="Sort, Add Product, Verify Cart, Checkout">
<kw name="Get From Dictionary" owner="Collections">
<msg time="2025-01-31T09:51:51.732080" level="INFO">${sort_value} = lohi</msg>
<var>${sort_value}</var>
<arg>${data}</arg>
<arg>sortByPrice</arg>
<doc>Returns a value from the given ``dictionary`` based on the given ``key``.</doc>
<status status="PASS" start="2025-01-31T09:51:51.731924" elapsed="0.000156"/>
</kw>
<kw name="Sort Products" owner="productPage">
<kw name="Select Dropdown" owner="BasePage">
<kw name="Select From List By Value" owner="SeleniumLibrary">
<msg time="2025-01-31T09:51:51.732080" level="INFO">Selecting options from selection list 'css:.product_sort_container' by value lohi.</msg>
<arg>${locator}</arg>
<arg>${value}</arg>
<doc>Selects options from selection list ``locator`` by ``values``.</doc>
<status status="PASS" start="2025-01-31T09:51:51.732080" elapsed="4.152297"/>
</kw>
<arg>${SORT_PRODUCT}</arg>
<arg>${value}</arg>
<status status="PASS" start="2025-01-31T09:51:51.732080" elapsed="4.152297"/>
</kw>
<arg>${sort_value}</arg>
<status status="PASS" start="2025-01-31T09:51:51.732080" elapsed="4.152297"/>
</kw>
<kw name="Add Last Product To Cart" owner="productPage">
<kw name="Click" owner="BasePage">
<kw name="Click Element" owner="SeleniumLibrary">
<msg time="2025-01-31T09:51:55.884377" level="INFO">Clicking element 'xpath=(//button[@class='btn btn_primary btn_small btn_inventory '])[6]'.</msg>
<arg>${locator}</arg>
<doc>Click the element identified by ``locator``.</doc>
<status status="PASS" start="2025-01-31T09:51:55.884377" elapsed="1.078720"/>
</kw>
<arg>${ADD_TO_CART}</arg>
<status status="PASS" start="2025-01-31T09:51:55.884377" elapsed="1.078720"/>
</kw>
<kw name="Get Element" owner="BasePage">
<kw name="Get Text" owner="SeleniumLibrary">
<msg time="2025-01-31T09:51:57.986601" level="INFO">${text} = Sauce Labs Fleece Jacket</msg>
<var>${text}</var>
<arg>${locator}</arg>
<doc>Returns the text value of the element identified by ``locator``.</doc>
<status status="PASS" start="2025-01-31T09:51:56.963097" elapsed="1.023504"/>
</kw>
<return>
<value>${text}</value>
<status status="PASS" start="2025-01-31T09:51:57.986601" elapsed="0.000000"/>
</return>
<msg time="2025-01-31T09:51:57.986601" level="INFO">${last_product_title} = Sauce Labs Fleece Jacket</msg>
<var>${last_product_title}</var>
<arg>${PRODUCT_TITLE}</arg>
<status status="PASS" start="2025-01-31T09:51:56.963097" elapsed="1.023504"/>
</kw>
<return>
<value>${last_product_title}</value>
<status status="PASS" start="2025-01-31T09:51:57.986601" elapsed="0.000000"/>
</return>
<msg time="2025-01-31T09:51:57.986601" level="INFO">${last_product} = Sauce Labs Fleece Jacket</msg>
<var>${last_product}</var>
<status status="PASS" start="2025-01-31T09:51:55.884377" elapsed="2.102224"/>
</kw>
<kw name="View Cart" owner="productPage">
<kw name="Click" owner="BasePage">
<kw name="Click Element" owner="SeleniumLibrary">
<msg time="2025-01-31T09:51:57.986601" level="INFO">Clicking element 'css:.shopping_cart_link'.</msg>
<arg>${locator}</arg>
<doc>Click the element identified by ``locator``.</doc>
<status status="PASS" start="2025-01-31T09:51:57.986601" elapsed="1.074787"/>
</kw>
<arg>${VIEW_CART}</arg>
<status status="PASS" start="2025-01-31T09:51:57.986601" elapsed="1.075454"/>
</kw>
<status status="PASS" start="2025-01-31T09:51:57.986601" elapsed="1.075650"/>
</kw>
<kw name="Verify Product In Cart" owner="cartPage">
<kw name="Get Element" owner="BasePage">
<kw name="Get Text" owner="SeleniumLibrary">
<msg time="2025-01-31T09:52:00.096352" level="INFO">${text} = Sauce Labs Fleece Jacket</msg>
<var>${text}</var>
<arg>${locator}</arg>
<doc>Returns the text value of the element identified by ``locator``.</doc>
<status status="PASS" start="2025-01-31T09:51:59.063398" elapsed="1.032954"/>
</kw>
<return>
<value>${text}</value>
<status status="PASS" start="2025-01-31T09:52:00.096352" elapsed="0.000000"/>
</return>
<msg time="2025-01-31T09:52:00.096352" level="INFO">${productName} = Sauce Labs Fleece Jacket</msg>
<var>${productName}</var>
<arg>${CART_PRODUCT_TITLE}</arg>
<status status="PASS" start="2025-01-31T09:51:59.062251" elapsed="1.034101"/>
</kw>
<kw name="Should Be Equal" owner="BuiltIn">
<arg>${last_product}</arg>
<arg>${productName}</arg>
<doc>Fails if the given objects are unequal.</doc>
<status status="PASS" start="2025-01-31T09:52:00.096352" elapsed="0.000000"/>
</kw>
<arg>${last_product}</arg>
<status status="PASS" start="2025-01-31T09:51:59.062251" elapsed="1.034101"/>
</kw>
<kw name="Navigate To Checkout Page" owner="cartPage">
<kw name="Click" owner="BasePage">
<kw name="Click Element" owner="SeleniumLibrary">
<msg time="2025-01-31T09:52:00.096352" level="INFO">Clicking element 'css:#checkout'.</msg>
<arg>${locator}</arg>
<doc>Click the element identified by ``locator``.</doc>
<status status="PASS" start="2025-01-31T09:52:00.096352" elapsed="1.093507"/>
</kw>
<arg>${CHECKOUT}</arg>
<status status="PASS" start="2025-01-31T09:52:00.096352" elapsed="1.093507"/>
</kw>
<status status="PASS" start="2025-01-31T09:52:00.096352" elapsed="1.093507"/>
</kw>
<kw name="Get From Dictionary" owner="Collections">
<msg time="2025-01-31T09:52:01.189859" level="INFO">${checkout_data} = {'yourInformation': {'firstName': 'user', 'lastName': 'test1', 'postalCode': '12345'}, 'complete': 'Thank you for your order!'}</msg>
<var>${checkout_data}</var>
<arg>${data}</arg>
<arg>checkout</arg>
<doc>Returns a value from the given ``dictionary`` based on the given ``key``.</doc>
<status status="PASS" start="2025-01-31T09:52:01.189859" elapsed="0.000000"/>
</kw>
<kw name="Get From Dictionary" owner="Collections">
<msg time="2025-01-31T09:52:01.190863" level="INFO">${your_info} = {'firstName': 'user', 'lastName': 'test1', 'postalCode': '12345'}</msg>
<var>${your_info}</var>
<arg>${checkout_data}</arg>
<arg>yourInformation</arg>
<doc>Returns a value from the given ``dictionary`` based on the given ``key``.</doc>
<status status="PASS" start="2025-01-31T09:52:01.190863" elapsed="0.000000"/>
</kw>
<kw name="Enter Checkout Information" owner="checkoutPage">
<kw name="Set Element" owner="BasePage">
<kw name="Input Text" owner="SeleniumLibrary">
<msg time="2025-01-31T09:52:01.194881" level="INFO">Typing text 'user' into text field 'id:first-name'.</msg>
<arg>${locator}</arg>
<arg>${text}</arg>
<doc>Types the given ``text`` into the text field identified by ``locator``.</doc>
<status status="PASS" start="2025-01-31T09:52:01.194881" elapsed="1.621643"/>
</kw>
<arg>${FIRST_NAME}</arg>
<arg>${fname}</arg>
<status status="PASS" start="2025-01-31T09:52:01.193879" elapsed="1.622645"/>
</kw>
<kw name="Set Element" owner="BasePage">
<kw name="Input Text" owner="SeleniumLibrary">
<msg time="2025-01-31T09:52:02.816524" level="INFO">Typing text 'test1' into text field 'id:last-name'.</msg>
<arg>${locator}</arg>
<arg>${text}</arg>
<doc>Types the given ``text`` into the text field identified by ``locator``.</doc>
<status status="PASS" start="2025-01-31T09:52:02.816524" elapsed="1.631904"/>
</kw>
<arg>${LAST_NAME}</arg>
<arg>${lname}</arg>
<status status="PASS" start="2025-01-31T09:52:02.816524" elapsed="1.631904"/>
</kw>
<kw name="Set Element" owner="BasePage">
<kw name="Input Text" owner="SeleniumLibrary">
<msg time="2025-01-31T09:52:04.448428" level="INFO">Typing text '12345' into text field 'id:postal-code'.</msg>
<arg>${locator}</arg>
<arg>${text}</arg>
<doc>Types the given ``text`` into the text field identified by ``locator``.</doc>
<status status="PASS" start="2025-01-31T09:52:04.448428" elapsed="1.597831"/>
</kw>
<arg>${POSTAL_CODE}</arg>
<arg>${pcode}</arg>
<status status="PASS" start="2025-01-31T09:52:04.448428" elapsed="1.597831"/>
</kw>
<kw name="Click" owner="BasePage">
<kw name="Click Element" owner="SeleniumLibrary">
<msg time="2025-01-31T09:52:06.046259" level="INFO">Clicking element 'id:continue'.</msg>
<arg>${locator}</arg>
<doc>Click the element identified by ``locator``.</doc>
<status status="PASS" start="2025-01-31T09:52:06.046259" elapsed="1.096566"/>
</kw>
<arg>${CONTINUE}</arg>
<status status="PASS" start="2025-01-31T09:52:06.046259" elapsed="1.096964"/>
</kw>
<arg>${your_info["firstName"]}</arg>
<arg>${your_info["lastName"]}</arg>
<arg>${your_info["postalCode"]}</arg>
<status status="PASS" start="2025-01-31T09:52:01.190863" elapsed="5.952565"/>
</kw>
<kw name="Complete Order" owner="checkoutPage">
<kw name="Click" owner="BasePage">
<kw name="Click Element" owner="SeleniumLibrary">
<msg time="2025-01-31T09:52:07.144451" level="INFO">Clicking element 'id:finish'.</msg>
<arg>${locator}</arg>
<doc>Click the element identified by ``locator``.</doc>
<status status="PASS" start="2025-01-31T09:52:07.144451" elapsed="1.064077"/>
</kw>
<arg>${FINISH}</arg>
<status status="PASS" start="2025-01-31T09:52:07.143428" elapsed="1.066425"/>
</kw>
<status status="PASS" start="2025-01-31T09:52:07.143428" elapsed="1.066947"/>
</kw>
<kw name="Verify Checkout Complete" owner="checkoutPage">
<kw name="Get Text" owner="SeleniumLibrary">
<msg time="2025-01-31T09:52:09.240211" level="INFO">${message} = Thank you for your order!</msg>
<var>${message}</var>
<arg>${COMPLETE_HEADER}</arg>
<doc>Returns the text value of the element identified by ``locator``.</doc>
<status status="PASS" start="2025-01-31T09:52:08.213158" elapsed="1.027053"/>
</kw>
<kw name="Should Be Equal" owner="BuiltIn">
<arg>${message}</arg>
<arg>${expected_message}</arg>
<doc>Fails if the given objects are unequal.</doc>
<status status="PASS" start="2025-01-31T09:52:09.240211" elapsed="0.000000"/>
</kw>
<arg>${checkout_data["complete"]}</arg>
<status status="PASS" start="2025-01-31T09:52:08.211624" elapsed="1.028587"/>
</kw>
<status status="PASS" start="2025-01-31T09:51:51.731090" elapsed="17.509121"/>
</kw>
<status status="PASS" start="2025-01-31T09:51:46.294853" elapsed="22.947452"/>
</test>
<status status="PASS" start="2025-01-31T09:51:39.961938" elapsed="29.281312"/>
</suite>
<statistics>
<total>
<stat pass="2" fail="0" skip="0">All Tests</stat>
</total>
<tag>
</tag>
<suite>
<stat pass="2" fail="0" skip="0" id="s1" name="E2E">E2E</stat>
</suite>
</statistics>
<errors>
</errors>
</robot>
